<div class="post-text" itemprop="text">
<p>i have written a code to assert in below code:</p>
<pre><code>def KelvinToFahrenheit(Temperature):
    assert (Temperature &gt;= 0),"Colder than absolute zero!"
    return ((Temperature-273)*1.8)+32

print (KelvinToFahrenheit(273))
print (int(KelvinToFahrenheit(505.78)))
print (KelvinToFahrenheit(-5))
</code></pre>
<p>when i ran(windows 10, python 3.6.1) the above code using command prompt : assertion is working properly. </p>
<pre><code>O/P :
32.0
451

Traceback (most recent call last):
File "assert.py", line 8, in &lt;module&gt;
print (KelvinToFahrenheit(-5))
File "assert.py", line 2, in KelvinToFahrenheit
assert (Temperature &gt;= 0),"Colder than absolute zero!"
AssertionError: Colder than absolute zero!
</code></pre>
<p>But when i run using sublime O/P -</p>
<pre><code>32.0 
451
-468.40000000000003
[Finished in 0.3s] 
</code></pre>
<p>someone guide me please</p>
</div>
<div class="post-text" itemprop="text">
<p>I tried and I got the same assertion error as it is supposed to.
You might be running a different version.
python shell and python idle would be in different version.</p>
</div>
<div class="post-text" itemprop="text">
<p>Seems that you are using PyCharm not Sublime. I never work with PyCharm but your problem should be that you are running "PycharmProjects/ppp/loop.py" project with an configuration that turns on <a href="https://docs.python.org/3/using/cmdline.html#envvar-PYTHONOPTIMIZE" rel="nofollow noreferrer">PYTHONOPTIMIZE</a> environment variable. This mode turns any assert statement into a null operation and wont be evaluated.</p>
<p>You should check run/debug configurations in your IDE.</p>
</div>
<span class="comment-copy">Check If it is the same code that you are run in same scenarios. If it is so, can you update your answer including the shell_cmd output of Sublime console?</span>
<span class="comment-copy">i double checked both editor are using same version of python.  Sublime OP:<code>32.0 451 -468.40000000000003 3.6.1 (v3.6.1:69c0db5, Mar 21 2017, 17:54:52) [MSC v.1900 32 bit (Intel)] [Finished in 0.1s]</code>   Pycharm :  "C:\Program Files (x86)\Python36-32\python.exe" PycharmProjects/ppp/loop.py 3.6.1 (v3.6.1:69c0db5, Mar 21 2017, 17:54:52) [MSC v.1900 32 bit (Intel)]&lt;br/&gt;   Process finished with exit code 0</span>
