<div class="post-text" itemprop="text">
<p>I've developed some Python3 scripts to run on top of the <a href="https://hub.docker.com/r/selenium/standalone-chrome" rel="nofollow noreferrer">Standalone Selenium Chrome</a> image with a TCP Server to execute some process that collects some information created during testing, and that are inside the container. Whenever I need to start the python3 process, I connect to it through a TCP Client, send some commands, and the python3 script does what I need it to do.<br/>
On my dockerfile, I install pip3 and everything I need, and I copy over all the scripts that I need, and everything works perfectly if I manually access the docker container, and I start the python3 script manually, like this:</p>
<pre><code>docker exec -it selc bash
cd /home/seluser/python/
sudo nohup python3 myscript.py &amp;
</code></pre>
<p>This successfully start my python3 script on the background, and it runs great</p>
<pre><code>seluser@24d2713db5f1:~/python$ sudo nohup python3 myscript.py &amp;
[1] 71
seluser@24d2713db5f1:~/python$ nohup: ignoring input and appending output to 'nohup.out'
</code></pre>
<p>However, I would like to execute this script automatically whenever I start my container, and I haven't being able to do this successfully. I get a <code>ConnectionRefusedError: [Errno 111] Connection refused</code> error in the container logs when I run the container. Below is my dockerfile</p>
<pre><code>FROM selenium/standalone-chrome-debug

USER root

RUN apt-get update &amp;&amp;\
    apt-get upgrade -y &amp;&amp;\
    apt-get install python3-pip -y &amp;&amp;\
    apt-get install dos2unix -y &amp;&amp;\
    pip3 install pynput &amp;&amp;\
    pip3 install azure.storage.blob &amp;&amp;\
    apt-get install vim -y

USER seluser

EXPOSE 9871

RUN mkdir -p /home/seluser/upload &amp;&amp;\
    mkdir -p /home/seluser/python &amp;&amp;\
    mkdir -p /home/seluser/logs &amp;&amp;\
    mkdir -p /home/seluser/debug

ADD /python /home/seluser/python

USER root

COPY entry_point.sh /opt/bin/entry_point.sh

RUN dos2unix /opt/bin/entry_point.sh &amp;&amp;\
    chmod a+x /opt/bin/entry_point.sh

USER seluser
</code></pre>
<p>Below is the shell script entry_point.sh that I got from the selenium github, with just a modification to run my script</p>
<pre><code>#!/usr/bin/env bash

if ! whoami &amp;&gt; /dev/null; then
  if [ -w /etc/passwd ]; then
    echo "${USER_NAME:-default}:x:$(id -u):0:${USER_NAME:-default} user:${HOME}:/sbin/nologin" &gt;&gt; /etc/passwd
  fi
fi

/usr/bin/supervisord --configuration /etc/supervisord.conf &amp;

SUPERVISOR_PID=$!

function shutdown {
    echo "Trapped SIGTERM/SIGINT/x so shutting down supervisord..."
    kill -s SIGTERM ${SUPERVISOR_PID}
    wait ${SUPERVISOR_PID}
    echo "Shutdown complete"
}

echo "Starting script PYTHON3"
nohup python3 /home/seluser/python/myscript.py &amp;
echo "script PYTHON3 started"

trap shutdown SIGTERM SIGINT
wait ${SUPERVISOR_PID}
</code></pre>
<p>This is the myscript.py that I start</p>
<pre><code>import asyncio
import logging
import time

from servico.myserver import myServer
from auxiliar.objlog import ObjLog
from auxiliar.objip import ObjIp

logger = ObjLog().executar()

logger.debug("Starting execution")

time.sleep(3)

logger.debug("Getting connection")

loop = asyncio.get_event_loop()
stream_server = myServer(loop)
# ip = ObjIp().executar()
# logger.debug('IP:' + ip)

coro_server = asyncio.start_server(
    stream_server.server_handler,
    '0.0.0.0',
    9871,
    loop=stream_server.loop
)

server = loop.run_until_complete(coro_server)

logger.debug('Pre-execution')
logger = ObjLog().executar()
logger.debug('Listening:' + str(server.sockets[0].getsockname()))

try:
    loop.run_forever()
except KeyboardInterrupt:
    pass

print('Closing Server')
server.close()
loop.run_until_complete(server.wait_closed())
loop.close()
</code></pre>
<p>I start the container using this docker run command</p>
<pre><code>docker run --name selc --detach --rm -p 4444:4444 -p 5900:5900 -p 9871:9871 mydocker/selenium-debug-chrome:latest
</code></pre>
<p>The log that I get when I start then container is below</p>
<pre><code>λ  docker logs selc                                                                                                     
Iniciando script PYTHON3                                                                                                
script PYTHON3 iniciado                                                                                                 
Traceback (most recent call last):                                                                                      
  File "/usr/local/lib/python3.6/dist-packages/Xlib/support/unix_connect.py", line 119, in get_socket                   
    s = _get_unix_socket(address)                                                                                       
  File "/usr/local/lib/python3.6/dist-packages/Xlib/support/unix_connect.py", line 98, in _get_unix_socket              
    s.connect(address)                                                                                                  
ConnectionRefusedError: [Errno 111] Connection refused                                                                  

During handling of the above exception, another exception occurred:                                                     

Traceback (most recent call last):                                                                                      
  File "/usr/local/lib/python3.6/dist-packages/Xlib/support/unix_connect.py", line 123, in get_socket                   
    s = _get_tcp_socket(host, dno)                                                                                      
  File "/usr/local/lib/python3.6/dist-packages/Xlib/support/unix_connect.py", line 93, in _get_tcp_socket               
    s.connect((host, 6000 + dno))                                                                                       
ConnectionRefusedError: [Errno 111] Connection refused                                                                  

During handling of the above exception, another exception occurred:                                                     

Traceback (most recent call last):                                                                                      
  File "/home/seluser/python/my.py", line 5, in &lt;module&gt;                                                      
    from servico.myserver import myServer                                                           
  File "/home/seluser/python/servico/myserver.py", line 7, in &lt;module&gt;                                        
    from servico.tarefas.download_pdf import DownloadPdf                                                                
  File "/home/seluser/python/servico/tarefas/download_pdf.py", line 5, in &lt;module&gt;                                      
    from pynput.keyboard import Key, Controller                                                                         
  File "/usr/local/lib/python3.6/dist-packages/pynput/__init__.py", line 23, in &lt;module&gt;                                
    from . import keyboard                                                                                              
  File "/usr/local/lib/python3.6/dist-packages/pynput/keyboard/__init__.py", line 49, in &lt;module&gt;                       
    from ._xorg import KeyCode, Key, Controller, Listener                                                               
  File "/usr/local/lib/python3.6/dist-packages/pynput/keyboard/_xorg.py", line 39, in &lt;module&gt;                          
    from pynput._util.xorg import (                                                                                     
  File "/usr/local/lib/python3.6/dist-packages/pynput/_util/xorg.py", line 40, in &lt;module&gt;                              
    _check()                                                                                                            
  File "/usr/local/lib/python3.6/dist-packages/pynput/_util/xorg.py", line 38, in _check                                
    display = Xlib.display.Display()                                                                                    
  File "/usr/local/lib/python3.6/dist-packages/Xlib/display.py", line 89, in __init__                                   
    self.display = _BaseDisplay(display)                                                                                
  File "/usr/local/lib/python3.6/dist-packages/Xlib/display.py", line 71, in __init__                                   
    protocol_display.Display.__init__(self, *args, **keys)                                                              
  File "/usr/local/lib/python3.6/dist-packages/Xlib/protocol/display.py", line 89, in __init__                          
    self.socket = connect.get_socket(name, protocol, host, displayno)                                                   
  File "/usr/local/lib/python3.6/dist-packages/Xlib/support/connect.py", line 87, in get_socket
    return mod.get_socket(dname, protocol, host, dno)
  File "/usr/local/lib/python3.6/dist-packages/Xlib/support/unix_connect.py", line 127, in get_socket
    raise error.DisplayConnectionError(dname, str(val))
Xlib.error.DisplayConnectionError: Can't connect to display ":99.0": [Errno 111] Connection refused
2019-03-16 14:00:59,881 INFO Included extra file "/etc/supervisor/conf.d/selenium-debug.conf" during parsing
2019-03-16 14:00:59,881 INFO Included extra file "/etc/supervisor/conf.d/selenium.conf" during parsing
2019-03-16 14:00:59,885 INFO supervisord started with pid 7
2019-03-16 14:01:00,887 INFO spawned: 'xvfb' with pid 13
2019-03-16 14:01:00,888 INFO spawned: 'fluxbox' with pid 14
2019-03-16 14:01:00,890 INFO spawned: 'vnc' with pid 15
2019-03-16 14:01:00,891 INFO spawned: 'selenium-standalone' with pid 16
2019-03-16 14:01:01,016 INFO success: xvfb entered RUNNING state, process has stayed up for &gt; than 0 seconds (startsecs)2019-03-16 14:01:01,016 INFO success: fluxbox entered RUNNING state, process has stayed up for &gt; than 0 seconds (startsecs)
2019-03-16 14:01:01,016 INFO success: vnc entered RUNNING state, process has stayed up for &gt; than 0 seconds (startsecs) 2019-03-16 14:01:01,017 INFO success: selenium-standalone entered RUNNING state, process has stayed up for &gt; than 0 seconds (startsecs)
14:01:01.332 INFO [GridLauncherV3.parse] - Selenium server version: 3.141.59, revision: e82be7d358
14:01:01.429 INFO [GridLauncherV3.lambda$buildLaunchers$3] - Launching a standalone Selenium Server on port 4444
2019-03-16 14:01:01.489:INFO::main: Logging initialized @570ms to org.seleniumhq.jetty9.util.log.StdErrLog
14:01:01.822 INFO [WebDriverServlet.&lt;init&gt;] - Initialising WebDriverServlet
14:01:01.941 INFO [SeleniumServer.boot] - Selenium Server is up and running on port 4444    
</code></pre>
<p>If I connect to it manually though bash, and start it the same way I've pointed out, it works fine. It just won't work on startup.  </p>
<p>Why am I getting this error? Is there other way to start my python3 script automatically after my container starts? Thank you very much for any help.</p>
<p><strong>EDIT</strong></p>
<p>Based on the base image, it already has an entry point to the shell script. Looking at <code>docker inspect</code> I can see it.</p>
<pre><code>λ  docker inspect selc
[
    {
        "Id": "24d2713db5f13be0c69479a27f6ea4c943d194edbe3b2fa303aaac966639694e",
        "Created": "2019-03-16T14:31:43.6236537Z",
        "Path": "/opt/bin/entry_point.sh",
        "Args": [],
        "State": {
            "Status": "running",
            "Running": true,
            "Paused": false,
            "Restarting": false,
            "OOMKilled": false,
            "Dead": false,
            "Pid": 34191,
            "ExitCode": 0,
            "Error": "",
            "StartedAt": "2019-03-16T14:31:44.2388239Z",
            "FinishedAt": "0001-01-01T00:00:00Z"
        },
</code></pre>
<p>I preferred not to change the mechanics of how to base image works, just tuned it a bit to try to execute my script using the existing code. But I'm open to ideas, since I don't know what to do.</p>
</div>
<div class="post-text" itemprop="text">
<p>Since you are having <code>supervisord</code> a better approach would be running the python script through it instead of using <code>nohup</code>. So create a file like <code>myscript.conf</code></p>
<pre><code>[program:myscript]
command=/usr/bin/python3 /home/seluser/python/myscript.py
autostart=true
autorestart=true
startretries=3
user=seluser
</code></pre>
<p>And in your Dockerfile
Replace the following lines:</p>
<pre><code>COPY entry_point.sh /opt/bin/entry_point.sh

RUN dos2unix /opt/bin/entry_point.sh &amp;&amp;\
    chmod a+x /opt/bin/entry_point.sh
</code></pre>
<p>With this one below:</p>
<blockquote>
<p>According to <a href="https://github.com/SeleniumHQ/docker-selenium/blob/master/Base/supervisord.conf" rel="nofollow noreferrer">the main configuration file</a> of <code>docker-selenium</code>, any additional config should be add to <code>/etc/supervisor/conf.d/</code></p>
</blockquote>
<pre><code>COPY myscript.conf /etc/supervisor/conf.d/
</code></pre>
<p>And there is no need to modifying the entrypoint script since we replace nohup with supervisord config file</p>
</div>
