<div class="post-text" itemprop="text">
<p>I have some piece of code like this</p>
<pre><code>    import paramiko
        try:
            client = paramiko.SSHClient()
            client.set_missing_host_key_policy(paramiko.AutoAddPolicy())
            client.connect(IP, username=myusername,password=mypassword,timeout=3) 
        except:
            print ("[-] Wrong : "+ip+" : "+username+" : "+password)
</code></pre>
<p>And when I run it, it keeps giving tracebacks about SSH problem such as this:</p>
<pre><code>Traceback (most recent call last):
paramiko.ssh_exception.SSHException: Error reading SSH protocol banner
</code></pre>
<p>I would like to know if it is possible to not print at all on the screen any Traceback messages?
Thanks</p>
<p>Here's the full error:</p>
<pre><code>Traceback (most recent call last):
  File "test123.py", line 50, in function1
    client.connect(ip, username=myusername, password=mypassword,timeout=3)
  File "/Library/Frameworks/Python.framework/Versions/3.4/lib/python3.4/site-packages/paramiko/client.py", line 380, in connect
    look_for_keys, gss_auth, gss_kex, gss_deleg_creds, gss_host)
  File "/Library/Frameworks/Python.framework/Versions/3.4/lib/python3.4/site-packages/paramiko/client.py", line 621, in _auth
    raise saved_exception
  File "/Library/Frameworks/Python.framework/Versions/3.4/lib/python3.4/site-packages/paramiko/client.py", line 608, in _auth
    self._transport.auth_password(username, password)
  File "/Library/Frameworks/Python.framework/Versions/3.4/lib/python3.4/site-packages/paramiko/transport.py", line 1271, in auth_password
    return self.auth_handler.wait_for_response(my_event)
  File "/Library/Frameworks/Python.framework/Versions/3.4/lib/python3.4/site-packages/paramiko/auth_handler.py", line 208, in wait_for_response
    raise e
paramiko.ssh_exception.AuthenticationException: Authentication failed.

During handling of the above exception, another exception occurred:

Traceback (most recent call last):
  File "/Library/Frameworks/Python.framework/Versions/3.4/lib/python3.4/work.py", line 920, in _bootstrap_inner
    self.run()
  File "/Library/Frameworks/Python.framework/Versions/3.4/lib/python3.4/work.py", line 868, in run
    self._target(*self._args, **self._kwargs)
  File "test123.py", line 56, in slaveWork
    except paramiko.ssh_exception:
TypeError: catching classes that do not inherit from BaseException is not allowed

Exception: Error reading SSH protocol banner
Traceback (most recent call last):
  File "/Library/Frameworks/Python.framework/Versions/3.4/lib/python3.4/site-packages/paramiko/transport.py", line 1888, in _check_banner
    buf = self.packetizer.readline(timeout)
  File "/Library/Frameworks/Python.framework/Versions/3.4/lib/python3.4/site-packages/paramiko/packet.py", line 331, in readline
    buf += self._read_timeout(timeout)
  File "/Library/Frameworks/Python.framework/Versions/3.4/lib/python3.4/site-packages/paramiko/packet.py", line 498, in _read_timeout
    raise EOFError()
EOFError
</code></pre>
</div>
<div class="post-text" itemprop="text">
<p>You could just finish your try and just do a general catch and then do nothing with it.</p>
<pre><code>import paramiko
try:
    client = paramiko.SSHClient()
    client.set_missing_host_key_policy(paramiko.AutoAddPolicy())
    client.connect(IP, username=myusername,password=mypassword,timeout=3)
except Exception as e:
    pass
</code></pre>
</div>
<div class="post-text" itemprop="text">
<p>Probably the best alternative would be to use the <a href="https://docs.python.org/2/library/sys.html#sys.tracebacklimit" rel="nofollow noreferrer">tracebacklimit</a> module.<br/>
For Python 2.x you could do:</p>
<pre><code>import sys
import paramiko

sys.tracebacklimit = 0

try:
    client = paramiko.SSHClient()
    client.set_missing_host_key_policy(paramiko.AutoAddPolicy())
    client.connect(IP, username=myusername,password=mypassword,timeout=3) 
except:
    print ("[-] Wrong : "+ip+" : "+username+" : "+password) 
</code></pre>
<p>For Python 3.5 (<a href="https://docs.python.org/3/library/sys.html#sys.tracebacklimit" rel="nofollow noreferrer">tracebacklimit</a>) some people have reported that this should be set to <code>None</code> to work, i.e.:</p>
<pre><code>sys.tracebacklimit = None
</code></pre>
<p>For multiple exception raised some people reported is not guaranteed to work (<a href="https://stackoverflow.com/questions/17784849/in-python-how-do-i-print-an-error-message-without-printing-a-traceback-and-clos">In Python, how do I print an error message without printing a traceback and close the program when a condition is not met?</a>).</p>
</div>
<span class="comment-copy">Your <code>try</code> has no <code>expect</code>.</span>
<span class="comment-copy">what if you would have <code>except paramiko.ssh_exception.SSHException:</code> instead of what you have now.</span>
<span class="comment-copy">Have you tried <code>sys.tracebacklimit = 0</code> or <code>sys.tracebacklimit = None</code>?</span>
<span class="comment-copy">I still got the errors poppin up</span>
<span class="comment-copy">In the link you provided: " When set to 0 or less, all traceback information is suppressed and only the exception type and value are printed.". This is the case, I still get an error, but I only get a resume.</span>
